0 info it worked if it ends with ok
1 verbose cli [ 'C:\\app\\nodejs\\node.exe',
1 verbose cli   'C:\\app\\nodejs\\node_modules\\npm\\bin\\npm-cli.js',
1 verbose cli   'start' ]
2 info using npm@3.10.9
3 info using node@v6.9.2
4 verbose run-script [ 'prestart', 'start', 'poststart' ]
5 info lifecycle n-club@1.0.0~prestart: n-club@1.0.0
6 silly lifecycle n-club@1.0.0~prestart: no script for prestart, continuing
7 info lifecycle n-club@1.0.0~start: n-club@1.0.0
8 verbose lifecycle n-club@1.0.0~start: unsafe-perm in lifecycle true
9 verbose lifecycle n-club@1.0.0~start: PATH: C:\app\nodejs\node_modules\npm\bin\node-gyp-bin;C:\test\2_13\n-club\node_modules\.bin;C:\app\cmder_mini\bin;C:\app\cmder_mini\vendor\conemu-maximus5\ConEmu\Scripts;C:\app\cmder_mini\vendor\conemu-maximus5;C:\app\cmder_mini\vendor\conemu-maximus5\ConEmu;C:\Program Files (x86)\Intel\iCLS Client\;C:\Program Files\Intel\iCLS Client\;C:\Windows\system32;C:\Windows;C:\Windows\System32\Wbem;C:\Windows\System32\WindowsPowerShell\v1.0\;C:\Program Files (x86)\Intel\Intel(R) Management Engine Components\DAL;C:\Program Files\Intel\Intel(R) Management Engine Components\DAL;C:\Program Files (x86)\Intel\Intel(R) Management Engine Components\IPT;C:\Program Files\Intel\Intel(R) Management Engine Components\IPT;C:\Program Files\Intel\WiFi\bin\;C:\Program Files\Common Files\Intel\WirelessCommon\;C:\app\Git\cmd;C:\app\nodejs\;C:\Users\csuha\AppData\Local\Microsoft\WindowsApps;;C:\app\vs_code\bin;C:\Users\csuha\AppData\Roaming\npm;C:\app\heroku\bin;C:\app\Git\usr\bin;C:\app\Git\usr\share\vim\vim74;C:\app\cmder_mini\
10 verbose lifecycle n-club@1.0.0~start: CWD: C:\test\2_13\n-club
11 silly lifecycle n-club@1.0.0~start: Args: [ '/d /s /c', 'cross-env NODE_ENV=default DEUBG=* node app' ]
12 silly lifecycle n-club@1.0.0~start: Returned: code: 3221225786  signal: null
13 info lifecycle n-club@1.0.0~start: Failed to exec start script
14 verbose stack Error: n-club@1.0.0 start: `cross-env NODE_ENV=default DEUBG=* node app`
14 verbose stack Exit status 3221225786
14 verbose stack     at EventEmitter.<anonymous> (C:\app\nodejs\node_modules\npm\lib\utils\lifecycle.js:255:16)
14 verbose stack     at emitTwo (events.js:106:13)
14 verbose stack     at EventEmitter.emit (events.js:191:7)
14 verbose stack     at ChildProcess.<anonymous> (C:\app\nodejs\node_modules\npm\lib\utils\spawn.js:40:14)
14 verbose stack     at emitTwo (events.js:106:13)
14 verbose stack     at ChildProcess.emit (events.js:191:7)
14 verbose stack     at maybeClose (internal/child_process.js:877:16)
14 verbose stack     at Process.ChildProcess._handle.onexit (internal/child_process.js:226:5)
15 verbose pkgid n-club@1.0.0
16 verbose cwd C:\test\2_13\n-club
17 error Windows_NT 10.0.14393
18 error argv "C:\\app\\nodejs\\node.exe" "C:\\app\\nodejs\\node_modules\\npm\\bin\\npm-cli.js" "start"
19 error node v6.9.2
20 error npm  v3.10.9
21 error code ELIFECYCLE
22 error n-club@1.0.0 start: `cross-env NODE_ENV=default DEUBG=* node app`
22 error Exit status 3221225786
23 error Failed at the n-club@1.0.0 start script 'cross-env NODE_ENV=default DEUBG=* node app'.
23 error Make sure you have the latest version of node.js and npm installed.
23 error If you do, this is most likely a problem with the n-club package,
23 error not with npm itself.
23 error Tell the author that this fails on your system:
23 error     cross-env NODE_ENV=default DEUBG=* node app
23 error You can get information on how to open an issue for this project with:
23 error     npm bugs n-club
23 error Or if that isn't available, you can get their info via:
23 error     npm owner ls n-club
23 error There is likely additional logging output above.
24 verbose exit [ 1, true ]
